{"C:\\2026\\AI\\Gihub Copilot\\Capstone Project\\client\\src\\contexts\\AuthContext.tsx": {"path":"C:\\2026\\AI\\Gihub Copilot\\Capstone Project\\client\\src\\contexts\\AuthContext.tsx","statementMap":{"0":{"start":{"line":19,"column":6},"end":{"line":19,"column":null}},"1":{"start":{"line":22,"column":15},"end":{"line":22,"column":null}},"2":{"start":{"line":23,"column":20},"end":{"line":23,"column":null}},"3":{"start":{"line":26,"column":2},"end":{"line":38,"column":null}},"4":{"start":{"line":27,"column":4},"end":{"line":37,"column":null}},"5":{"start":{"line":28,"column":25},"end":{"line":28,"column":null}},"6":{"start":{"line":29,"column":26},"end":{"line":29,"column":null}},"7":{"start":{"line":30,"column":6},"end":{"line":32,"column":null}},"8":{"start":{"line":31,"column":8},"end":{"line":31,"column":null}},"9":{"start":{"line":34,"column":6},"end":{"line":34,"column":null}},"10":{"start":{"line":36,"column":6},"end":{"line":36,"column":null}},"11":{"start":{"line":41,"column":4},"end":{"line":41,"column":null}},"12":{"start":{"line":42,"column":4},"end":{"line":42,"column":null}},"13":{"start":{"line":46,"column":4},"end":{"line":46,"column":null}},"14":{"start":{"line":46,"column":8},"end":{"line":46,"column":null}},"15":{"start":{"line":47,"column":4},"end":{"line":47,"column":null}},"16":{"start":{"line":48,"column":4},"end":{"line":48,"column":null}},"17":{"start":{"line":51,"column":2},"end":{"line":54,"column":null}},"18":{"start":{"line":59,"column":8},"end":{"line":59,"column":null}},"19":{"start":{"line":60,"column":2},"end":{"line":60,"column":null}},"20":{"start":{"line":60,"column":12},"end":{"line":60,"column":null}},"21":{"start":{"line":61,"column":2},"end":{"line":61,"column":null}}},"fnMap":{"0":{"name":"AuthProvider","decl":{"start":{"line":21,"column":16},"end":{"line":21,"column":29}},"loc":{"start":{"line":21,"column":68},"end":{"line":56,"column":null}},"line":21},"1":{"name":"(anonymous_1)","decl":{"start":{"line":26,"column":2},"end":{"line":26,"column":18}},"loc":{"start":{"line":26,"column":18},"end":{"line":38,"column":5}},"line":26},"2":{"name":"login","decl":{"start":{"line":40,"column":11},"end":{"line":40,"column":17}},"loc":{"start":{"line":40,"column":47},"end":{"line":43,"column":null}},"line":40},"3":{"name":"logout","decl":{"start":{"line":45,"column":11},"end":{"line":45,"column":20}},"loc":{"start":{"line":45,"column":20},"end":{"line":49,"column":null}},"line":45},"4":{"name":"useAuth","decl":{"start":{"line":58,"column":16},"end":{"line":58,"column":26}},"loc":{"start":{"line":58,"column":26},"end":{"line":62,"column":null}},"line":58}},"branchMap":{"0":{"loc":{"start":{"line":30,"column":6},"end":{"line":32,"column":null}},"type":"if","locations":[{"start":{"line":30,"column":6},"end":{"line":32,"column":null}},{"start":{},"end":{}}],"line":30},"1":{"loc":{"start":{"line":30,"column":10},"end":{"line":30,"column":37}},"type":"binary-expr","locations":[{"start":{"line":30,"column":10},"end":{"line":30,"column":24}},{"start":{"line":30,"column":24},"end":{"line":30,"column":37}}],"line":30},"2":{"loc":{"start":{"line":46,"column":4},"end":{"line":46,"column":null}},"type":"if","locations":[{"start":{"line":46,"column":4},"end":{"line":46,"column":null}},{"start":{},"end":{}}],"line":46},"3":{"loc":{"start":{"line":60,"column":2},"end":{"line":60,"column":null}},"type":"if","locations":[{"start":{"line":60,"column":2},"end":{"line":60,"column":null}},{"start":{},"end":{}}],"line":60}},"s":{"0":1,"1":9,"2":9,"3":9,"4":3,"5":3,"6":3,"7":3,"8":1,"9":0,"10":3,"11":1,"12":1,"13":2,"14":1,"15":2,"16":2,"17":9,"18":8,"19":8,"20":0,"21":8},"f":{"0":9,"1":3,"2":1,"3":2,"4":8},"b":{"0":[1,2],"1":[3,1],"2":[1,1],"3":[0,8]},"meta":{"lastBranch":4,"lastFunction":5,"lastStatement":22,"seen":{"s:19:6:19:Infinity":0,"f:21:16:21:29":0,"s:22:15:22:Infinity":1,"s:23:20:23:Infinity":2,"s:26:2:38:Infinity":3,"f:26:2:26:18":1,"s:27:4:37:Infinity":4,"s:28:25:28:Infinity":5,"s:29:26:29:Infinity":6,"b:30:6:32:Infinity:undefined:undefined:undefined:undefined":0,"s:30:6:32:Infinity":7,"b:30:10:30:24:30:24:30:37":1,"s:31:8:31:Infinity":8,"s:34:6:34:Infinity":9,"s:36:6:36:Infinity":10,"f:40:11:40:17":2,"s:41:4:41:Infinity":11,"s:42:4:42:Infinity":12,"f:45:11:45:20":3,"b:46:4:46:Infinity:undefined:undefined:undefined:undefined":2,"s:46:4:46:Infinity":13,"s:46:8:46:Infinity":14,"s:47:4:47:Infinity":15,"s:48:4:48:Infinity":16,"s:51:2:54:Infinity":17,"f:58:16:58:26":4,"s:59:8:59:Infinity":18,"b:60:2:60:Infinity:undefined:undefined:undefined:undefined":3,"s:60:2:60:Infinity":19,"s:60:12:60:Infinity":20,"s:61:2:61:Infinity":21}}}
,"C:\\2026\\AI\\Gihub Copilot\\Capstone Project\\client\\src\\contexts\\NotificationContext.tsx": {"path":"C:\\2026\\AI\\Gihub Copilot\\Capstone Project\\client\\src\\contexts\\NotificationContext.tsx","statementMap":{"0":{"start":{"line":17,"column":6},"end":{"line":17,"column":null}},"1":{"start":{"line":22,"column":16},"end":{"line":22,"column":null}},"2":{"start":{"line":24,"column":19},"end":{"line":27,"column":null}},"3":{"start":{"line":30,"column":2},"end":{"line":33,"column":null}},"4":{"start":{"line":31,"column":4},"end":{"line":31,"column":null}},"5":{"start":{"line":31,"column":36},"end":{"line":31,"column":null}},"6":{"start":{"line":32,"column":4},"end":{"line":32,"column":null}},"7":{"start":{"line":36,"column":2},"end":{"line":36,"column":null}},"8":{"start":{"line":39,"column":4},"end":{"line":39,"column":null}},"9":{"start":{"line":39,"column":23},"end":{"line":39,"column":null}},"10":{"start":{"line":40,"column":4},"end":{"line":40,"column":null}},"11":{"start":{"line":41,"column":4},"end":{"line":41,"column":null}},"12":{"start":{"line":44,"column":2},"end":{"line":47,"column":null}},"13":{"start":{"line":54,"column":8},"end":{"line":54,"column":null}},"14":{"start":{"line":55,"column":2},"end":{"line":57,"column":null}},"15":{"start":{"line":56,"column":4},"end":{"line":56,"column":null}},"16":{"start":{"line":58,"column":2},"end":{"line":58,"column":null}}},"fnMap":{"0":{"name":"NotificationProvider","decl":{"start":{"line":21,"column":16},"end":{"line":21,"column":37}},"loc":{"start":{"line":21,"column":76},"end":{"line":49,"column":null}},"line":21},"1":{"name":"(anonymous_1)","decl":{"start":{"line":30,"column":2},"end":{"line":30,"column":18}},"loc":{"start":{"line":30,"column":18},"end":{"line":33,"column":5}},"line":30},"2":{"name":"updateSettings","decl":{"start":{"line":38,"column":11},"end":{"line":38,"column":26}},"loc":{"start":{"line":38,"column":54},"end":{"line":42,"column":null}},"line":38},"3":{"name":"useNotificationContext","decl":{"start":{"line":53,"column":16},"end":{"line":53,"column":66}},"loc":{"start":{"line":53,"column":66},"end":{"line":59,"column":null}},"line":53}},"branchMap":{"0":{"loc":{"start":{"line":31,"column":4},"end":{"line":31,"column":null}},"type":"if","locations":[{"start":{"line":31,"column":4},"end":{"line":31,"column":null}},{"start":{},"end":{}}],"line":31},"1":{"loc":{"start":{"line":31,"column":8},"end":{"line":31,"column":36}},"type":"binary-expr","locations":[{"start":{"line":31,"column":8},"end":{"line":31,"column":21}},{"start":{"line":31,"column":21},"end":{"line":31,"column":36}}],"line":31},"2":{"loc":{"start":{"line":36,"column":27},"end":{"line":36,"column":45}},"type":"binary-expr","locations":[{"start":{"line":36,"column":27},"end":{"line":36,"column":39}},{"start":{"line":36,"column":39},"end":{"line":36,"column":45}}],"line":36},"3":{"loc":{"start":{"line":39,"column":4},"end":{"line":39,"column":null}},"type":"if","locations":[{"start":{"line":39,"column":4},"end":{"line":39,"column":null}},{"start":{},"end":{}}],"line":39},"4":{"loc":{"start":{"line":55,"column":2},"end":{"line":57,"column":null}},"type":"if","locations":[{"start":{"line":55,"column":2},"end":{"line":57,"column":null}},{"start":{},"end":{}}],"line":55}},"s":{"0":1,"1":9,"2":9,"3":9,"4":5,"5":2,"6":3,"7":9,"8":2,"9":1,"10":1,"11":1,"12":9,"13":13,"14":13,"15":4,"16":9},"f":{"0":9,"1":5,"2":2,"3":13},"b":{"0":[2,3],"1":[5,4],"2":[9,2],"3":[1,1],"4":[4,9]},"meta":{"lastBranch":5,"lastFunction":4,"lastStatement":17,"seen":{"s:17:6:17:Infinity":0,"f:21:16:21:37":0,"s:22:16:22:Infinity":1,"s:24:19:27:Infinity":2,"s:30:2:33:Infinity":3,"f:30:2:30:18":1,"b:31:4:31:Infinity:undefined:undefined:undefined:undefined":0,"s:31:4:31:Infinity":4,"b:31:8:31:21:31:21:31:36":1,"s:31:36:31:Infinity":5,"s:32:4:32:Infinity":6,"s:36:2:36:Infinity":7,"b:36:27:36:39:36:39:36:45":2,"f:38:11:38:26":2,"b:39:4:39:Infinity:undefined:undefined:undefined:undefined":3,"s:39:4:39:Infinity":8,"s:39:23:39:Infinity":9,"s:40:4:40:Infinity":10,"s:41:4:41:Infinity":11,"s:44:2:47:Infinity":12,"f:53:16:53:66":3,"s:54:8:54:Infinity":13,"b:55:2:57:Infinity:undefined:undefined:undefined:undefined":4,"s:55:2:57:Infinity":14,"s:56:4:56:Infinity":15,"s:58:2:58:Infinity":16}}}
,"C:\\2026\\AI\\Gihub Copilot\\Capstone Project\\client\\src\\hooks\\useNotificationScheduler.ts": {"path":"C:\\2026\\AI\\Gihub Copilot\\Capstone Project\\client\\src\\hooks\\useNotificationScheduler.ts","statementMap":{"0":{"start":{"line":14,"column":17},"end":{"line":14,"column":null}},"1":{"start":{"line":15,"column":14},"end":{"line":15,"column":null}},"2":{"start":{"line":16,"column":17},"end":{"line":16,"column":null}},"3":{"start":{"line":17,"column":2},"end":{"line":17,"column":null}},"4":{"start":{"line":18,"column":13},"end":{"line":18,"column":null}},"5":{"start":{"line":19,"column":2},"end":{"line":22,"column":null}},"6":{"start":{"line":21,"column":4},"end":{"line":21,"column":null}},"7":{"start":{"line":23,"column":2},"end":{"line":23,"column":null}},"8":{"start":{"line":28,"column":14},"end":{"line":28,"column":null}},"9":{"start":{"line":29,"column":19},"end":{"line":29,"column":null}},"10":{"start":{"line":30,"column":2},"end":{"line":30,"column":null}},"11":{"start":{"line":31,"column":2},"end":{"line":31,"column":null}},"12":{"start":{"line":50,"column":2},"end":{"line":102,"column":null}},"13":{"start":{"line":52,"column":4},"end":{"line":52,"column":null}},"14":{"start":{"line":52,"column":63},"end":{"line":52,"column":null}},"15":{"start":{"line":55,"column":4},"end":{"line":55,"column":null}},"16":{"start":{"line":57,"column":56},"end":{"line":57,"column":null}},"17":{"start":{"line":58,"column":59},"end":{"line":58,"column":null}},"18":{"start":{"line":61,"column":6},"end":{"line":64,"column":null}},"19":{"start":{"line":62,"column":8},"end":{"line":62,"column":null}},"20":{"start":{"line":63,"column":8},"end":{"line":63,"column":null}},"21":{"start":{"line":65,"column":6},"end":{"line":68,"column":null}},"22":{"start":{"line":66,"column":8},"end":{"line":66,"column":null}},"23":{"start":{"line":67,"column":8},"end":{"line":67,"column":null}},"24":{"start":{"line":72,"column":6},"end":{"line":76,"column":null}},"25":{"start":{"line":73,"column":8},"end":{"line":73,"column":null}},"26":{"start":{"line":75,"column":8},"end":{"line":75,"column":null}},"27":{"start":{"line":80,"column":20},"end":{"line":80,"column":null}},"28":{"start":{"line":81,"column":6},"end":{"line":90,"column":null}},"29":{"start":{"line":83,"column":8},"end":{"line":88,"column":null}},"30":{"start":{"line":84,"column":10},"end":{"line":87,"column":null}},"31":{"start":{"line":89,"column":8},"end":{"line":89,"column":null}},"32":{"start":{"line":93,"column":4},"end":{"line":98,"column":null}},"33":{"start":{"line":95,"column":6},"end":{"line":95,"column":null}},"34":{"start":{"line":97,"column":6},"end":{"line":97,"column":null}},"35":{"start":{"line":101,"column":4},"end":{"line":101,"column":null}}},"fnMap":{"0":{"name":"msUntilTime","decl":{"start":{"line":13,"column":16},"end":{"line":13,"column":28}},"loc":{"start":{"line":13,"column":50},"end":{"line":24,"column":null}},"line":13},"1":{"name":"msUntilMidnight","decl":{"start":{"line":27,"column":16},"end":{"line":27,"column":42}},"loc":{"start":{"line":27,"column":42},"end":{"line":32,"column":null}},"line":27},"2":{"name":"useNotificationScheduler","decl":{"start":{"line":45,"column":16},"end":{"line":45,"column":null}},"loc":{"start":{"line":49,"column":8},"end":{"line":103,"column":null}},"line":49},"3":{"name":"(anonymous_3)","decl":{"start":{"line":50,"column":2},"end":{"line":50,"column":18}},"loc":{"start":{"line":50,"column":18},"end":{"line":102,"column":5}},"line":50},"4":{"name":"cancelAll","decl":{"start":{"line":60,"column":13},"end":{"line":60,"column":25}},"loc":{"start":{"line":60,"column":25},"end":{"line":69,"column":null}},"line":60},"5":{"name":"scheduleMidnightReset","decl":{"start":{"line":71,"column":13},"end":{"line":71,"column":37}},"loc":{"start":{"line":71,"column":37},"end":{"line":77,"column":null}},"line":71},"6":{"name":"(anonymous_6)","decl":{"start":{"line":72,"column":19},"end":{"line":72,"column":36}},"loc":{"start":{"line":72,"column":36},"end":{"line":76,"column":9}},"line":72},"7":{"name":"scheduleNotification","decl":{"start":{"line":79,"column":13},"end":{"line":79,"column":36}},"loc":{"start":{"line":79,"column":36},"end":{"line":91,"column":null}},"line":79},"8":{"name":"(anonymous_8)","decl":{"start":{"line":81,"column":16},"end":{"line":81,"column":33}},"loc":{"start":{"line":81,"column":33},"end":{"line":90,"column":9}},"line":81}},"branchMap":{"0":{"loc":{"start":{"line":19,"column":2},"end":{"line":22,"column":null}},"type":"if","locations":[{"start":{"line":19,"column":2},"end":{"line":22,"column":null}},{"start":{},"end":{}}],"line":19},"1":{"loc":{"start":{"line":52,"column":4},"end":{"line":52,"column":null}},"type":"if","locations":[{"start":{"line":52,"column":4},"end":{"line":52,"column":null}},{"start":{},"end":{}}],"line":52},"2":{"loc":{"start":{"line":52,"column":8},"end":{"line":52,"column":63}},"type":"binary-expr","locations":[{"start":{"line":52,"column":8},"end":{"line":52,"column":25}},{"start":{"line":52,"column":25},"end":{"line":52,"column":44}},{"start":{"line":52,"column":44},"end":{"line":52,"column":63}}],"line":52},"3":{"loc":{"start":{"line":61,"column":6},"end":{"line":64,"column":null}},"type":"if","locations":[{"start":{"line":61,"column":6},"end":{"line":64,"column":null}},{"start":{},"end":{}}],"line":61},"4":{"loc":{"start":{"line":65,"column":6},"end":{"line":68,"column":null}},"type":"if","locations":[{"start":{"line":65,"column":6},"end":{"line":68,"column":null}},{"start":{},"end":{}}],"line":65},"5":{"loc":{"start":{"line":83,"column":8},"end":{"line":88,"column":null}},"type":"if","locations":[{"start":{"line":83,"column":8},"end":{"line":88,"column":null}},{"start":{},"end":{}}],"line":83},"6":{"loc":{"start":{"line":93,"column":4},"end":{"line":98,"column":null}},"type":"if","locations":[{"start":{"line":93,"column":4},"end":{"line":98,"column":null}},{"start":{"line":96,"column":11},"end":{"line":98,"column":null}}],"line":93}},"s":{"0":8,"1":8,"2":8,"3":8,"4":8,"5":8,"6":1,"7":8,"8":4,"9":4,"10":4,"11":4,"12":11,"13":11,"14":3,"15":8,"16":8,"17":8,"18":8,"19":6,"20":6,"21":8,"22":3,"23":3,"24":3,"25":0,"26":0,"27":6,"28":6,"29":1,"30":1,"31":1,"32":8,"33":2,"34":6,"35":8},"f":{"0":8,"1":4,"2":11,"3":11,"4":8,"5":3,"6":0,"7":6,"8":1},"b":{"0":[1,7],"1":[3,8],"2":[11,10,9],"3":[6,2],"4":[3,5],"5":[1,0],"6":[2,6]},"meta":{"lastBranch":7,"lastFunction":9,"lastStatement":36,"seen":{"f:13:16:13:28":0,"s:14:17:14:Infinity":0,"s:15:14:15:Infinity":1,"s:16:17:16:Infinity":2,"s:17:2:17:Infinity":3,"s:18:13:18:Infinity":4,"b:19:2:22:Infinity:undefined:undefined:undefined:undefined":0,"s:19:2:22:Infinity":5,"s:21:4:21:Infinity":6,"s:23:2:23:Infinity":7,"f:27:16:27:42":1,"s:28:14:28:Infinity":8,"s:29:19:29:Infinity":9,"s:30:2:30:Infinity":10,"s:31:2:31:Infinity":11,"f:45:16:45:Infinity":2,"s:50:2:102:Infinity":12,"f:50:2:50:18":3,"b:52:4:52:Infinity:undefined:undefined:undefined:undefined":1,"s:52:4:52:Infinity":13,"b:52:8:52:25:52:25:52:44:52:44:52:63":2,"s:52:63:52:Infinity":14,"s:55:4:55:Infinity":15,"s:57:56:57:Infinity":16,"s:58:59:58:Infinity":17,"f:60:13:60:25":4,"b:61:6:64:Infinity:undefined:undefined:undefined:undefined":3,"s:61:6:64:Infinity":18,"s:62:8:62:Infinity":19,"s:63:8:63:Infinity":20,"b:65:6:68:Infinity:undefined:undefined:undefined:undefined":4,"s:65:6:68:Infinity":21,"s:66:8:66:Infinity":22,"s:67:8:67:Infinity":23,"f:71:13:71:37":5,"s:72:6:76:Infinity":24,"f:72:19:72:36":6,"s:73:8:73:Infinity":25,"s:75:8:75:Infinity":26,"f:79:13:79:36":7,"s:80:20:80:Infinity":27,"s:81:6:90:Infinity":28,"f:81:16:81:33":8,"b:83:8:88:Infinity:undefined:undefined:undefined:undefined":5,"s:83:8:88:Infinity":29,"s:84:10:87:Infinity":30,"s:89:8:89:Infinity":31,"b:93:4:98:Infinity:96:11:98:Infinity":6,"s:93:4:98:Infinity":32,"s:95:6:95:Infinity":33,"s:97:6:97:Infinity":34,"s:101:4:101:Infinity":35}}}
,"C:\\2026\\AI\\Gihub Copilot\\Capstone Project\\client\\src\\pages\\CheckInPage.tsx": {"path":"C:\\2026\\AI\\Gihub Copilot\\Capstone Project\\client\\src\\pages\\CheckInPage.tsx","statementMap":{"0":{"start":{"line":11,"column":8},"end":{"line":11,"column":null}},"1":{"start":{"line":12,"column":10},"end":{"line":12,"column":null}},"2":{"start":{"line":14,"column":20},"end":{"line":14,"column":null}},"3":{"start":{"line":15,"column":20},"end":{"line":15,"column":null}},"4":{"start":{"line":16,"column":20},"end":{"line":16,"column":null}},"5":{"start":{"line":17,"column":20},"end":{"line":17,"column":null}},"6":{"start":{"line":18,"column":20},"end":{"line":18,"column":null}},"7":{"start":{"line":19,"column":20},"end":{"line":19,"column":null}},"8":{"start":{"line":20,"column":20},"end":{"line":20,"column":null}},"9":{"start":{"line":21,"column":20},"end":{"line":21,"column":null}},"10":{"start":{"line":24,"column":2},"end":{"line":34,"column":null}},"11":{"start":{"line":25,"column":4},"end":{"line":33,"column":null}},"12":{"start":{"line":26,"column":6},"end":{"line":32,"column":null}},"13":{"start":{"line":27,"column":8},"end":{"line":27,"column":null}},"14":{"start":{"line":28,"column":8},"end":{"line":28,"column":null}},"15":{"start":{"line":29,"column":8},"end":{"line":29,"column":null}},"16":{"start":{"line":30,"column":8},"end":{"line":30,"column":null}},"17":{"start":{"line":31,"column":8},"end":{"line":31,"column":null}},"18":{"start":{"line":37,"column":4},"end":{"line":37,"column":null}},"19":{"start":{"line":38,"column":4},"end":{"line":41,"column":null}},"20":{"start":{"line":39,"column":6},"end":{"line":39,"column":null}},"21":{"start":{"line":40,"column":6},"end":{"line":40,"column":null}},"22":{"start":{"line":42,"column":4},"end":{"line":42,"column":null}},"23":{"start":{"line":43,"column":4},"end":{"line":43,"column":null}},"24":{"start":{"line":44,"column":4},"end":{"line":59,"column":null}},"25":{"start":{"line":45,"column":6},"end":{"line":51,"column":null}},"26":{"start":{"line":52,"column":6},"end":{"line":52,"column":null}},"27":{"start":{"line":52,"column":10},"end":{"line":52,"column":null}},"28":{"start":{"line":53,"column":6},"end":{"line":53,"column":null}},"29":{"start":{"line":54,"column":6},"end":{"line":54,"column":null}},"30":{"start":{"line":54,"column":23},"end":{"line":54,"column":49}},"31":{"start":{"line":56,"column":6},"end":{"line":56,"column":null}},"32":{"start":{"line":58,"column":6},"end":{"line":58,"column":null}},"33":{"start":{"line":62,"column":2},"end":{"line":73,"column":null}},"34":{"start":{"line":63,"column":4},"end":{"line":71,"column":null}},"35":{"start":{"line":75,"column":2},"end":{"line":167,"column":null}},"36":{"start":{"line":133,"column":16},"end":{"line":133,"column":null}},"37":{"start":{"line":151,"column":31},"end":{"line":151,"column":null}}},"fnMap":{"0":{"name":"CheckInPage","decl":{"start":{"line":10,"column":24},"end":{"line":10,"column":38}},"loc":{"start":{"line":10,"column":38},"end":{"line":169,"column":null}},"line":10},"1":{"name":"(anonymous_1)","decl":{"start":{"line":24,"column":2},"end":{"line":24,"column":18}},"loc":{"start":{"line":24,"column":18},"end":{"line":34,"column":5}},"line":24},"2":{"name":"(anonymous_2)","decl":{"start":{"line":25,"column":24},"end":{"line":25,"column":30}},"loc":{"start":{"line":25,"column":38},"end":{"line":33,"column":5}},"line":25},"3":{"name":"handleSubmit","decl":{"start":{"line":36,"column":17},"end":{"line":36,"column":30}},"loc":{"start":{"line":36,"column":44},"end":{"line":60,"column":null}},"line":36},"4":{"name":"(anonymous_4)","decl":{"start":{"line":54,"column":6},"end":{"line":54,"column":23}},"loc":{"start":{"line":54,"column":23},"end":{"line":54,"column":49}},"line":54},"5":{"name":"(anonymous_5)","decl":{"start":{"line":132,"column":14},"end":{"line":132,"column":25}},"loc":{"start":{"line":133,"column":16},"end":{"line":133,"column":null}},"line":133},"6":{"name":"(anonymous_6)","decl":{"start":{"line":151,"column":14},"end":{"line":151,"column":25}},"loc":{"start":{"line":151,"column":31},"end":{"line":151,"column":null}},"line":151}},"branchMap":{"0":{"loc":{"start":{"line":26,"column":6},"end":{"line":32,"column":null}},"type":"if","locations":[{"start":{"line":26,"column":6},"end":{"line":32,"column":null}},{"start":{},"end":{}}],"line":26},"1":{"loc":{"start":{"line":30,"column":17},"end":{"line":30,"column":32}},"type":"binary-expr","locations":[{"start":{"line":30,"column":17},"end":{"line":30,"column":30}},{"start":{"line":30,"column":30},"end":{"line":30,"column":32}}],"line":30},"2":{"loc":{"start":{"line":38,"column":4},"end":{"line":41,"column":null}},"type":"if","locations":[{"start":{"line":38,"column":4},"end":{"line":41,"column":null}},{"start":{},"end":{}}],"line":38},"3":{"loc":{"start":{"line":38,"column":8},"end":{"line":38,"column":36}},"type":"binary-expr","locations":[{"start":{"line":38,"column":8},"end":{"line":38,"column":17}},{"start":{"line":38,"column":17},"end":{"line":38,"column":28}},{"start":{"line":38,"column":28},"end":{"line":38,"column":36}}],"line":38},"4":{"loc":{"start":{"line":49,"column":15},"end":{"line":49,"column":null}},"type":"binary-expr","locations":[{"start":{"line":49,"column":15},"end":{"line":49,"column":31}},{"start":{"line":49,"column":31},"end":{"line":49,"column":null}}],"line":49},"5":{"loc":{"start":{"line":50,"column":20},"end":{"line":50,"column":null}},"type":"cond-expr","locations":[{"start":{"line":50,"column":39},"end":{"line":50,"column":43}},{"start":{"line":50,"column":43},"end":{"line":50,"column":null}}],"line":50},"6":{"loc":{"start":{"line":52,"column":6},"end":{"line":52,"column":null}},"type":"if","locations":[{"start":{"line":52,"column":6},"end":{"line":52,"column":null}},{"start":{},"end":{}}],"line":52},"7":{"loc":{"start":{"line":56,"column":16},"end":{"line":56,"column":61}},"type":"binary-expr","locations":[{"start":{"line":56,"column":16},"end":{"line":56,"column":41}},{"start":{"line":56,"column":41},"end":{"line":56,"column":61}}],"line":56},"8":{"loc":{"start":{"line":62,"column":2},"end":{"line":73,"column":null}},"type":"if","locations":[{"start":{"line":62,"column":2},"end":{"line":73,"column":null}},{"start":{},"end":{}}],"line":62},"9":{"loc":{"start":{"line":92,"column":11},"end":{"line":95,"column":null}},"type":"binary-expr","locations":[{"start":{"line":92,"column":11},"end":{"line":92,"column":null}},{"start":{"line":93,"column":12},"end":{"line":95,"column":null}}],"line":92},"10":{"loc":{"start":{"line":133,"column":29},"end":{"line":133,"column":84}},"type":"cond-expr","locations":[{"start":{"line":133,"column":53},"end":{"line":133,"column":58}},{"start":{"line":133,"column":58},"end":{"line":133,"column":84}}],"line":133},"11":{"loc":{"start":{"line":162,"column":15},"end":{"line":162,"column":null}},"type":"cond-expr","locations":[{"start":{"line":162,"column":25},"end":{"line":162,"column":37}},{"start":{"line":162,"column":37},"end":{"line":162,"column":null}}],"line":162}},"s":{"0":17,"1":17,"2":17,"3":17,"4":17,"5":17,"6":17,"7":17,"8":17,"9":17,"10":17,"11":4,"12":4,"13":1,"14":1,"15":1,"16":1,"17":1,"18":10,"19":10,"20":8,"21":8,"22":2,"23":2,"24":2,"25":2,"26":1,"27":1,"28":1,"29":1,"30":0,"31":1,"32":2,"33":17,"34":1,"35":16,"36":0,"37":0},"f":{"0":17,"1":4,"2":4,"3":10,"4":0,"5":0,"6":0},"b":{"0":[1,3],"1":[1,0],"2":[8,2],"3":[10,7,4],"4":[2,2],"5":[0,2],"6":[1,0],"7":[1,0],"8":[1,16],"9":[16,9],"10":[0,0],"11":[2,14]},"meta":{"lastBranch":12,"lastFunction":7,"lastStatement":38,"seen":{"f:10:24:10:38":0,"s:11:8:11:Infinity":0,"s:12:10:12:Infinity":1,"s:14:20:14:Infinity":2,"s:15:20:15:Infinity":3,"s:16:20:16:Infinity":4,"s:17:20:17:Infinity":5,"s:18:20:18:Infinity":6,"s:19:20:19:Infinity":7,"s:20:20:20:Infinity":8,"s:21:20:21:Infinity":9,"s:24:2:34:Infinity":10,"f:24:2:24:18":1,"s:25:4:33:Infinity":11,"f:25:24:25:30":2,"b:26:6:32:Infinity:undefined:undefined:undefined:undefined":0,"s:26:6:32:Infinity":12,"s:27:8:27:Infinity":13,"s:28:8:28:Infinity":14,"s:29:8:29:Infinity":15,"s:30:8:30:Infinity":16,"b:30:17:30:30:30:30:30:32":1,"s:31:8:31:Infinity":17,"f:36:17:36:30":3,"s:37:4:37:Infinity":18,"b:38:4:41:Infinity:undefined:undefined:undefined:undefined":2,"s:38:4:41:Infinity":19,"b:38:8:38:17:38:17:38:28:38:28:38:36":3,"s:39:6:39:Infinity":20,"s:40:6:40:Infinity":21,"s:42:4:42:Infinity":22,"s:43:4:43:Infinity":23,"s:44:4:59:Infinity":24,"s:45:6:51:Infinity":25,"b:49:15:49:31:49:31:49:Infinity":4,"b:50:39:50:43:50:43:50:Infinity":5,"b:52:6:52:Infinity:undefined:undefined:undefined:undefined":6,"s:52:6:52:Infinity":26,"s:52:10:52:Infinity":27,"s:53:6:53:Infinity":28,"s:54:6:54:Infinity":29,"f:54:6:54:23":4,"s:54:23:54:49":30,"s:56:6:56:Infinity":31,"b:56:16:56:41:56:41:56:61":7,"s:58:6:58:Infinity":32,"b:62:2:73:Infinity:undefined:undefined:undefined:undefined":8,"s:62:2:73:Infinity":33,"s:63:4:71:Infinity":34,"s:75:2:167:Infinity":35,"b:92:11:92:Infinity:93:12:95:Infinity":9,"f:132:14:132:25":5,"s:133:16:133:Infinity":36,"b:133:53:133:58:133:58:133:84":10,"f:151:14:151:25":6,"s:151:31:151:Infinity":37,"b:162:25:162:37:162:37:162:Infinity":11}}}
,"C:\\2026\\AI\\Gihub Copilot\\Capstone Project\\client\\src\\pages\\SettingsPage.tsx": {"path":"C:\\2026\\AI\\Gihub Copilot\\Capstone Project\\client\\src\\pages\\SettingsPage.tsx","statementMap":{"0":{"start":{"line":10,"column":2},"end":{"line":10,"column":null}},"1":{"start":{"line":16,"column":20},"end":{"line":16,"column":null}},"2":{"start":{"line":17,"column":8},"end":{"line":17,"column":null}},"3":{"start":{"line":19,"column":18},"end":{"line":19,"column":null}},"4":{"start":{"line":20,"column":15},"end":{"line":20,"column":null}},"5":{"start":{"line":21,"column":20},"end":{"line":21,"column":null}},"6":{"start":{"line":22,"column":20},"end":{"line":22,"column":null}},"7":{"start":{"line":23,"column":16},"end":{"line":23,"column":null}},"8":{"start":{"line":26,"column":2},"end":{"line":29,"column":null}},"9":{"start":{"line":27,"column":4},"end":{"line":27,"column":null}},"10":{"start":{"line":28,"column":4},"end":{"line":28,"column":null}},"11":{"start":{"line":32,"column":4},"end":{"line":32,"column":null}},"12":{"start":{"line":32,"column":20},"end":{"line":32,"column":null}},"13":{"start":{"line":34,"column":4},"end":{"line":53,"column":null}},"14":{"start":{"line":36,"column":25},"end":{"line":36,"column":null}},"15":{"start":{"line":37,"column":6},"end":{"line":42,"column":null}},"16":{"start":{"line":38,"column":8},"end":{"line":40,"column":null}},"17":{"start":{"line":41,"column":8},"end":{"line":41,"column":null}},"18":{"start":{"line":43,"column":6},"end":{"line":43,"column":null}},"19":{"start":{"line":44,"column":6},"end":{"line":44,"column":null}},"20":{"start":{"line":45,"column":6},"end":{"line":45,"column":null}},"21":{"start":{"line":46,"column":6},"end":{"line":46,"column":null}},"22":{"start":{"line":49,"column":6},"end":{"line":49,"column":null}},"23":{"start":{"line":50,"column":6},"end":{"line":50,"column":null}},"24":{"start":{"line":51,"column":6},"end":{"line":51,"column":null}},"25":{"start":{"line":52,"column":6},"end":{"line":52,"column":null}},"26":{"start":{"line":57,"column":4},"end":{"line":57,"column":null}},"27":{"start":{"line":58,"column":4},"end":{"line":58,"column":null}},"28":{"start":{"line":59,"column":4},"end":{"line":59,"column":null}},"29":{"start":{"line":63,"column":4},"end":{"line":66,"column":null}},"30":{"start":{"line":64,"column":6},"end":{"line":64,"column":null}},"31":{"start":{"line":65,"column":6},"end":{"line":65,"column":null}},"32":{"start":{"line":67,"column":4},"end":{"line":67,"column":null}},"33":{"start":{"line":68,"column":4},"end":{"line":68,"column":null}},"34":{"start":{"line":71,"column":2},"end":{"line":188,"column":null}}},"fnMap":{"0":{"name":"isValidTime","decl":{"start":{"line":9,"column":9},"end":{"line":9,"column":21}},"loc":{"start":{"line":9,"column":45},"end":{"line":11,"column":null}},"line":9},"1":{"name":"SettingsPage","decl":{"start":{"line":15,"column":24},"end":{"line":15,"column":39}},"loc":{"start":{"line":15,"column":39},"end":{"line":190,"column":null}},"line":15},"2":{"name":"(anonymous_2)","decl":{"start":{"line":26,"column":2},"end":{"line":26,"column":18}},"loc":{"start":{"line":26,"column":18},"end":{"line":29,"column":5}},"line":26},"3":{"name":"handleToggle","decl":{"start":{"line":31,"column":17},"end":{"line":31,"column":32}},"loc":{"start":{"line":31,"column":32},"end":{"line":54,"column":null}},"line":31},"4":{"name":"handleTimeChange","decl":{"start":{"line":56,"column":11},"end":{"line":56,"column":28}},"loc":{"start":{"line":56,"column":68},"end":{"line":60,"column":null}},"line":56},"5":{"name":"handleSave","decl":{"start":{"line":62,"column":11},"end":{"line":62,"column":24}},"loc":{"start":{"line":62,"column":24},"end":{"line":69,"column":null}},"line":62}},"branchMap":{"0":{"loc":{"start":{"line":32,"column":4},"end":{"line":32,"column":null}},"type":"if","locations":[{"start":{"line":32,"column":4},"end":{"line":32,"column":null}},{"start":{},"end":{}}],"line":32},"1":{"loc":{"start":{"line":34,"column":4},"end":{"line":53,"column":null}},"type":"if","locations":[{"start":{"line":34,"column":4},"end":{"line":53,"column":null}},{"start":{"line":47,"column":11},"end":{"line":53,"column":null}}],"line":34},"2":{"loc":{"start":{"line":37,"column":6},"end":{"line":42,"column":null}},"type":"if","locations":[{"start":{"line":37,"column":6},"end":{"line":42,"column":null}},{"start":{},"end":{}}],"line":37},"3":{"loc":{"start":{"line":63,"column":4},"end":{"line":66,"column":null}},"type":"if","locations":[{"start":{"line":63,"column":4},"end":{"line":66,"column":null}},{"start":{},"end":{}}],"line":63},"4":{"loc":{"start":{"line":84,"column":11},"end":{"line":88,"column":null}},"type":"binary-expr","locations":[{"start":{"line":84,"column":11},"end":{"line":84,"column":null}},{"start":{"line":85,"column":12},"end":{"line":88,"column":null}}],"line":84},"5":{"loc":{"start":{"line":92,"column":11},"end":{"line":99,"column":null}},"type":"binary-expr","locations":[{"start":{"line":92,"column":11},"end":{"line":92,"column":null}},{"start":{"line":93,"column":12},"end":{"line":99,"column":null}}],"line":92},"6":{"loc":{"start":{"line":105,"column":15},"end":{"line":110,"column":15}},"type":"cond-expr","locations":[{"start":{"line":106,"column":16},"end":{"line":108,"column":17}},{"start":{"line":108,"column":16},"end":{"line":110,"column":15}}],"line":105},"7":{"loc":{"start":{"line":126,"column":18},"end":{"line":126,"column":null}},"type":"cond-expr","locations":[{"start":{"line":126,"column":28},"end":{"line":126,"column":45}},{"start":{"line":126,"column":45},"end":{"line":126,"column":null}}],"line":126},"8":{"loc":{"start":{"line":127,"column":18},"end":{"line":127,"column":null}},"type":"cond-expr","locations":[{"start":{"line":127,"column":31},"end":{"line":127,"column":65}},{"start":{"line":127,"column":65},"end":{"line":127,"column":null}}],"line":127},"9":{"loc":{"start":{"line":131,"column":20},"end":{"line":131,"column":null}},"type":"cond-expr","locations":[{"start":{"line":131,"column":30},"end":{"line":131,"column":48}},{"start":{"line":131,"column":48},"end":{"line":131,"column":null}}],"line":131},"10":{"loc":{"start":{"line":153,"column":18},"end":{"line":153,"column":null}},"type":"cond-expr","locations":[{"start":{"line":153,"column":30},"end":{"line":153,"column":50}},{"start":{"line":153,"column":50},"end":{"line":153,"column":null}}],"line":153},"11":{"loc":{"start":{"line":154,"column":18},"end":{"line":154,"column":null}},"type":"cond-expr","locations":[{"start":{"line":154,"column":31},"end":{"line":154,"column":76}},{"start":{"line":154,"column":76},"end":{"line":154,"column":null}}],"line":154},"12":{"loc":{"start":{"line":156,"column":13},"end":{"line":159,"column":null}},"type":"binary-expr","locations":[{"start":{"line":156,"column":13},"end":{"line":156,"column":null}},{"start":{"line":157,"column":14},"end":{"line":159,"column":null}}],"line":156},"13":{"loc":{"start":{"line":171,"column":18},"end":{"line":173,"column":null}},"type":"cond-expr","locations":[{"start":{"line":172,"column":20},"end":{"line":172,"column":null}},{"start":{"line":173,"column":20},"end":{"line":173,"column":null}}],"line":171},"14":{"loc":{"start":{"line":178,"column":13},"end":{"line":184,"column":null}},"type":"binary-expr","locations":[{"start":{"line":178,"column":13},"end":{"line":178,"column":null}},{"start":{"line":179,"column":14},"end":{"line":184,"column":null}}],"line":178}},"s":{"0":2,"1":16,"2":16,"3":16,"4":16,"5":16,"6":16,"7":16,"8":16,"9":5,"10":5,"11":3,"12":0,"13":3,"14":3,"15":3,"16":1,"17":1,"18":2,"19":2,"20":2,"21":2,"22":0,"23":0,"24":0,"25":0,"26":2,"27":2,"28":2,"29":2,"30":1,"31":1,"32":1,"33":1,"34":16},"f":{"0":2,"1":16,"2":5,"3":3,"4":2,"5":2},"b":{"0":[0,3],"1":[3,0],"2":[1,2],"3":[1,1],"4":[16,1],"5":[16,2],"6":[6,10],"7":[6,10],"8":[1,15],"9":[6,10],"10":[1,15],"11":[1,15],"12":[16,1],"13":[15,1],"14":[16,1]},"meta":{"lastBranch":15,"lastFunction":6,"lastStatement":35,"seen":{"f:9:9:9:21":0,"s:10:2:10:Infinity":0,"f:15:24:15:39":1,"s:16:20:16:Infinity":1,"s:17:8:17:Infinity":2,"s:19:18:19:Infinity":3,"s:20:15:20:Infinity":4,"s:21:20:21:Infinity":5,"s:22:20:22:Infinity":6,"s:23:16:23:Infinity":7,"s:26:2:29:Infinity":8,"f:26:2:26:18":2,"s:27:4:27:Infinity":9,"s:28:4:28:Infinity":10,"f:31:17:31:32":3,"b:32:4:32:Infinity:undefined:undefined:undefined:undefined":0,"s:32:4:32:Infinity":11,"s:32:20:32:Infinity":12,"b:34:4:53:Infinity:47:11:53:Infinity":1,"s:34:4:53:Infinity":13,"s:36:25:36:Infinity":14,"b:37:6:42:Infinity:undefined:undefined:undefined:undefined":2,"s:37:6:42:Infinity":15,"s:38:8:40:Infinity":16,"s:41:8:41:Infinity":17,"s:43:6:43:Infinity":18,"s:44:6:44:Infinity":19,"s:45:6:45:Infinity":20,"s:46:6:46:Infinity":21,"s:49:6:49:Infinity":22,"s:50:6:50:Infinity":23,"s:51:6:51:Infinity":24,"s:52:6:52:Infinity":25,"f:56:11:56:28":4,"s:57:4:57:Infinity":26,"s:58:4:58:Infinity":27,"s:59:4:59:Infinity":28,"f:62:11:62:24":5,"b:63:4:66:Infinity:undefined:undefined:undefined:undefined":3,"s:63:4:66:Infinity":29,"s:64:6:64:Infinity":30,"s:65:6:65:Infinity":31,"s:67:4:67:Infinity":32,"s:68:4:68:Infinity":33,"s:71:2:188:Infinity":34,"b:84:11:84:Infinity:85:12:88:Infinity":4,"b:92:11:92:Infinity:93:12:99:Infinity":5,"b:106:16:108:17:108:16:110:15":6,"b:126:28:126:45:126:45:126:Infinity":7,"b:127:31:127:65:127:65:127:Infinity":8,"b:131:30:131:48:131:48:131:Infinity":9,"b:153:30:153:50:153:50:153:Infinity":10,"b:154:31:154:76:154:76:154:Infinity":11,"b:156:13:156:Infinity:157:14:159:Infinity":12,"b:172:20:172:Infinity:173:20:173:Infinity":13,"b:178:13:178:Infinity:179:14:184:Infinity":14}}}
,"C:\\2026\\AI\\Gihub Copilot\\Capstone Project\\client\\src\\services\\notificationService.ts": {"path":"C:\\2026\\AI\\Gihub Copilot\\Capstone Project\\client\\src\\services\\notificationService.ts","statementMap":{"0":{"start":{"line":5,"column":21},"end":{"line":5,"column":null}},"1":{"start":{"line":11,"column":2},"end":{"line":11,"column":null}},"2":{"start":{"line":20,"column":2},"end":{"line":20,"column":null}},"3":{"start":{"line":20,"column":22},"end":{"line":20,"column":null}},"4":{"start":{"line":21,"column":2},"end":{"line":21,"column":null}},"5":{"start":{"line":29,"column":2},"end":{"line":29,"column":null}},"6":{"start":{"line":29,"column":22},"end":{"line":29,"column":null}},"7":{"start":{"line":30,"column":2},"end":{"line":30,"column":null}},"8":{"start":{"line":39,"column":2},"end":{"line":39,"column":null}},"9":{"start":{"line":39,"column":63},"end":{"line":39,"column":null}},"10":{"start":{"line":41,"column":23},"end":{"line":41,"column":null}},"11":{"start":{"line":43,"column":2},"end":{"line":46,"column":null}},"12":{"start":{"line":44,"column":4},"end":{"line":44,"column":null}},"13":{"start":{"line":45,"column":4},"end":{"line":45,"column":null}}},"fnMap":{"0":{"name":"isSupported","decl":{"start":{"line":10,"column":16},"end":{"line":10,"column":39}},"loc":{"start":{"line":10,"column":39},"end":{"line":12,"column":null}},"line":10},"1":{"name":"requestPermission","decl":{"start":{"line":19,"column":22},"end":{"line":19,"column":75}},"loc":{"start":{"line":19,"column":75},"end":{"line":22,"column":null}},"line":19},"2":{"name":"getPermission","decl":{"start":{"line":28,"column":16},"end":{"line":28,"column":56}},"loc":{"start":{"line":28,"column":56},"end":{"line":31,"column":null}},"line":28},"3":{"name":"sendNotification","decl":{"start":{"line":38,"column":16},"end":{"line":38,"column":33}},"loc":{"start":{"line":38,"column":68},"end":{"line":47,"column":null}},"line":38},"4":{"name":"(anonymous_4)","decl":{"start":{"line":43,"column":15},"end":{"line":43,"column":31}},"loc":{"start":{"line":43,"column":31},"end":{"line":46,"column":null}},"line":43}},"branchMap":{"0":{"loc":{"start":{"line":20,"column":2},"end":{"line":20,"column":null}},"type":"if","locations":[{"start":{"line":20,"column":2},"end":{"line":20,"column":null}},{"start":{},"end":{}}],"line":20},"1":{"loc":{"start":{"line":29,"column":2},"end":{"line":29,"column":null}},"type":"if","locations":[{"start":{"line":29,"column":2},"end":{"line":29,"column":null}},{"start":{},"end":{}}],"line":29},"2":{"loc":{"start":{"line":39,"column":2},"end":{"line":39,"column":null}},"type":"if","locations":[{"start":{"line":39,"column":2},"end":{"line":39,"column":null}},{"start":{},"end":{}}],"line":39},"3":{"loc":{"start":{"line":39,"column":6},"end":{"line":39,"column":63}},"type":"binary-expr","locations":[{"start":{"line":39,"column":6},"end":{"line":39,"column":24}},{"start":{"line":39,"column":24},"end":{"line":39,"column":63}}],"line":39}},"s":{"0":1,"1":11,"2":2,"3":1,"4":1,"5":2,"6":1,"7":1,"8":5,"9":3,"10":2,"11":2,"12":1,"13":1},"f":{"0":11,"1":2,"2":2,"3":5,"4":1},"b":{"0":[1,1],"1":[1,1],"2":[3,2],"3":[5,4]},"meta":{"lastBranch":4,"lastFunction":5,"lastStatement":14,"seen":{"s:5:21:5:Infinity":0,"f:10:16:10:39":0,"s:11:2:11:Infinity":1,"f:19:22:19:75":1,"b:20:2:20:Infinity:undefined:undefined:undefined:undefined":0,"s:20:2:20:Infinity":2,"s:20:22:20:Infinity":3,"s:21:2:21:Infinity":4,"f:28:16:28:56":2,"b:29:2:29:Infinity:undefined:undefined:undefined:undefined":1,"s:29:2:29:Infinity":5,"s:29:22:29:Infinity":6,"s:30:2:30:Infinity":7,"f:38:16:38:33":3,"b:39:2:39:Infinity:undefined:undefined:undefined:undefined":2,"s:39:2:39:Infinity":8,"b:39:6:39:24:39:24:39:63":3,"s:39:63:39:Infinity":9,"s:41:23:41:Infinity":10,"s:43:2:46:Infinity":11,"f:43:15:43:31":4,"s:44:4:44:Infinity":12,"s:45:4:45:Infinity":13}}}
,"C:\\2026\\AI\\Gihub Copilot\\Capstone Project\\client\\src\\services\\notificationStorage.ts": {"path":"C:\\2026\\AI\\Gihub Copilot\\Capstone Project\\client\\src\\services\\notificationStorage.ts","statementMap":{"0":{"start":{"line":14,"column":6},"end":{"line":15,"column":null}},"1":{"start":{"line":15,"column":2},"end":{"line":15,"column":null}},"2":{"start":{"line":17,"column":6},"end":{"line":18,"column":null}},"3":{"start":{"line":18,"column":2},"end":{"line":18,"column":null}},"4":{"start":{"line":20,"column":6},"end":{"line":26,"column":null}},"5":{"start":{"line":21,"column":12},"end":{"line":21,"column":null}},"6":{"start":{"line":22,"column":15},"end":{"line":22,"column":null}},"7":{"start":{"line":23,"column":13},"end":{"line":23,"column":null}},"8":{"start":{"line":24,"column":13},"end":{"line":24,"column":null}},"9":{"start":{"line":25,"column":2},"end":{"line":25,"column":null}},"10":{"start":{"line":28,"column":47},"end":{"line":28,"column":null}},"11":{"start":{"line":33,"column":2},"end":{"line":45,"column":null}},"12":{"start":{"line":34,"column":16},"end":{"line":34,"column":null}},"13":{"start":{"line":35,"column":4},"end":{"line":35,"column":null}},"14":{"start":{"line":35,"column":14},"end":{"line":35,"column":null}},"15":{"start":{"line":36,"column":19},"end":{"line":36,"column":null}},"16":{"start":{"line":37,"column":4},"end":{"line":42,"column":null}},"17":{"start":{"line":44,"column":4},"end":{"line":44,"column":null}},"18":{"start":{"line":52,"column":2},"end":{"line":57,"column":null}},"19":{"start":{"line":53,"column":4},"end":{"line":53,"column":null}},"20":{"start":{"line":54,"column":4},"end":{"line":54,"column":null}},"21":{"start":{"line":56,"column":4},"end":{"line":56,"column":null}},"22":{"start":{"line":63,"column":2},"end":{"line":67,"column":null}},"23":{"start":{"line":64,"column":4},"end":{"line":64,"column":null}},"24":{"start":{"line":66,"column":4},"end":{"line":66,"column":null}},"25":{"start":{"line":71,"column":2},"end":{"line":76,"column":null}},"26":{"start":{"line":72,"column":4},"end":{"line":72,"column":null}},"27":{"start":{"line":73,"column":4},"end":{"line":73,"column":null}},"28":{"start":{"line":75,"column":4},"end":{"line":75,"column":null}},"29":{"start":{"line":80,"column":2},"end":{"line":85,"column":null}},"30":{"start":{"line":81,"column":4},"end":{"line":81,"column":null}},"31":{"start":{"line":82,"column":4},"end":{"line":82,"column":null}},"32":{"start":{"line":84,"column":4},"end":{"line":84,"column":null}},"33":{"start":{"line":95,"column":2},"end":{"line":108,"column":null}},"34":{"start":{"line":96,"column":18},"end":{"line":96,"column":null}},"35":{"start":{"line":97,"column":19},"end":{"line":97,"column":null}},"36":{"start":{"line":98,"column":35},"end":{"line":98,"column":null}},"37":{"start":{"line":99,"column":4},"end":{"line":104,"column":null}},"38":{"start":{"line":99,"column":17},"end":{"line":99,"column":20}},"39":{"start":{"line":100,"column":18},"end":{"line":100,"column":null}},"40":{"start":{"line":101,"column":6},"end":{"line":103,"column":null}},"41":{"start":{"line":102,"column":8},"end":{"line":102,"column":null}},"42":{"start":{"line":105,"column":4},"end":{"line":105,"column":null}},"43":{"start":{"line":105,"column":32},"end":{"line":105,"column":58}},"44":{"start":{"line":118,"column":2},"end":{"line":130,"column":null}},"45":{"start":{"line":119,"column":19},"end":{"line":119,"column":null}},"46":{"start":{"line":120,"column":35},"end":{"line":120,"column":null}},"47":{"start":{"line":121,"column":4},"end":{"line":126,"column":null}},"48":{"start":{"line":121,"column":17},"end":{"line":121,"column":20}},"49":{"start":{"line":122,"column":18},"end":{"line":122,"column":null}},"50":{"start":{"line":123,"column":6},"end":{"line":125,"column":null}},"51":{"start":{"line":124,"column":8},"end":{"line":124,"column":null}},"52":{"start":{"line":127,"column":4},"end":{"line":127,"column":null}},"53":{"start":{"line":127,"column":32},"end":{"line":127,"column":58}}},"fnMap":{"0":{"name":"(anonymous_0)","decl":{"start":{"line":14,"column":6},"end":{"line":14,"column":21}},"loc":{"start":{"line":15,"column":2},"end":{"line":15,"column":null}},"line":15},"1":{"name":"(anonymous_1)","decl":{"start":{"line":17,"column":6},"end":{"line":17,"column":20}},"loc":{"start":{"line":18,"column":2},"end":{"line":18,"column":null}},"line":18},"2":{"name":"(anonymous_2)","decl":{"start":{"line":20,"column":6},"end":{"line":20,"column":32}},"loc":{"start":{"line":20,"column":32},"end":{"line":26,"column":null}},"line":20},"3":{"name":"loadSettings","decl":{"start":{"line":32,"column":16},"end":{"line":32,"column":29}},"loc":{"start":{"line":32,"column":67},"end":{"line":46,"column":null}},"line":32},"4":{"name":"saveSettings","decl":{"start":{"line":48,"column":16},"end":{"line":48,"column":null}},"loc":{"start":{"line":51,"column":15},"end":{"line":58,"column":null}},"line":51},"5":{"name":"isCheckedInToday","decl":{"start":{"line":62,"column":16},"end":{"line":62,"column":33}},"loc":{"start":{"line":62,"column":58},"end":{"line":68,"column":null}},"line":62},"6":{"name":"markCheckedInToday","decl":{"start":{"line":70,"column":16},"end":{"line":70,"column":35}},"loc":{"start":{"line":70,"column":64},"end":{"line":77,"column":null}},"line":70},"7":{"name":"clearCheckedInFlag","decl":{"start":{"line":79,"column":16},"end":{"line":79,"column":35}},"loc":{"start":{"line":79,"column":64},"end":{"line":86,"column":null}},"line":79},"8":{"name":"clearStaleCheckinFlags","decl":{"start":{"line":94,"column":16},"end":{"line":94,"column":39}},"loc":{"start":{"line":94,"column":61},"end":{"line":109,"column":null}},"line":94},"9":{"name":"(anonymous_9)","decl":{"start":{"line":105,"column":17},"end":{"line":105,"column":26}},"loc":{"start":{"line":105,"column":32},"end":{"line":105,"column":58}},"line":105},"10":{"name":"clearUserData","decl":{"start":{"line":117,"column":16},"end":{"line":117,"column":30}},"loc":{"start":{"line":117,"column":52},"end":{"line":131,"column":null}},"line":117},"11":{"name":"(anonymous_11)","decl":{"start":{"line":127,"column":17},"end":{"line":127,"column":26}},"loc":{"start":{"line":127,"column":32},"end":{"line":127,"column":58}},"line":127}},"branchMap":{"0":{"loc":{"start":{"line":35,"column":4},"end":{"line":35,"column":null}},"type":"if","locations":[{"start":{"line":35,"column":4},"end":{"line":35,"column":null}},{"start":{},"end":{}}],"line":35},"1":{"loc":{"start":{"line":38,"column":15},"end":{"line":38,"column":null}},"type":"cond-expr","locations":[{"start":{"line":38,"column":53},"end":{"line":38,"column":70}},{"start":{"line":38,"column":70},"end":{"line":38,"column":null}}],"line":38},"2":{"loc":{"start":{"line":39,"column":12},"end":{"line":41,"column":null}},"type":"cond-expr","locations":[{"start":{"line":40,"column":10},"end":{"line":40,"column":null}},{"start":{"line":41,"column":10},"end":{"line":41,"column":null}}],"line":39},"3":{"loc":{"start":{"line":39,"column":12},"end":{"line":39,"column":null}},"type":"binary-expr","locations":[{"start":{"line":39,"column":12},"end":{"line":39,"column":47}},{"start":{"line":39,"column":47},"end":{"line":39,"column":null}}],"line":39},"4":{"loc":{"start":{"line":101,"column":6},"end":{"line":103,"column":null}},"type":"if","locations":[{"start":{"line":101,"column":6},"end":{"line":103,"column":null}},{"start":{},"end":{}}],"line":101},"5":{"loc":{"start":{"line":101,"column":10},"end":{"line":101,"column":65}},"type":"binary-expr","locations":[{"start":{"line":101,"column":10},"end":{"line":101,"column":17}},{"start":{"line":101,"column":17},"end":{"line":101,"column":43}},{"start":{"line":101,"column":43},"end":{"line":101,"column":65}}],"line":101},"6":{"loc":{"start":{"line":123,"column":6},"end":{"line":125,"column":null}},"type":"if","locations":[{"start":{"line":123,"column":6},"end":{"line":125,"column":null}},{"start":{},"end":{}}],"line":123},"7":{"loc":{"start":{"line":123,"column":10},"end":{"line":123,"column":41}},"type":"binary-expr","locations":[{"start":{"line":123,"column":10},"end":{"line":123,"column":17}},{"start":{"line":123,"column":17},"end":{"line":123,"column":41}}],"line":123}},"s":{"0":1,"1":12,"2":1,"3":10,"4":1,"5":12,"6":12,"7":12,"8":12,"9":12,"10":1,"11":5,"12":5,"13":5,"14":2,"15":2,"16":2,"17":1,"18":5,"19":5,"20":5,"21":1,"22":4,"23":4,"24":1,"25":5,"26":5,"27":5,"28":1,"29":1,"30":1,"31":1,"32":0,"33":2,"34":2,"35":2,"36":2,"37":2,"38":2,"39":2,"40":2,"41":1,"42":1,"43":1,"44":2,"45":2,"46":2,"47":2,"48":2,"49":4,"50":4,"51":1,"52":2,"53":3},"f":{"0":12,"1":10,"2":12,"3":5,"4":5,"5":4,"6":5,"7":1,"8":2,"9":1,"10":2,"11":3},"b":{"0":[2,3],"1":[2,0],"2":[1,1],"3":[5,2],"4":[1,1],"5":[2,2,2],"6":[1,3],"7":[4,4]},"meta":{"lastBranch":8,"lastFunction":12,"lastStatement":54,"seen":{"s:14:6:15:Infinity":0,"f:14:6:14:21":0,"s:15:2:15:Infinity":1,"s:17:6:18:Infinity":2,"f:17:6:17:20":1,"s:18:2:18:Infinity":3,"s:20:6:26:Infinity":4,"f:20:6:20:32":2,"s:21:12:21:Infinity":5,"s:22:15:22:Infinity":6,"s:23:13:23:Infinity":7,"s:24:13:24:Infinity":8,"s:25:2:25:Infinity":9,"s:28:47:28:Infinity":10,"f:32:16:32:29":3,"s:33:2:45:Infinity":11,"s:34:16:34:Infinity":12,"b:35:4:35:Infinity:undefined:undefined:undefined:undefined":0,"s:35:4:35:Infinity":13,"s:35:14:35:Infinity":14,"s:36:19:36:Infinity":15,"s:37:4:42:Infinity":16,"b:38:53:38:70:38:70:38:Infinity":1,"b:40:10:40:Infinity:41:10:41:Infinity":2,"b:39:12:39:47:39:47:39:Infinity":3,"s:44:4:44:Infinity":17,"f:48:16:48:Infinity":4,"s:52:2:57:Infinity":18,"s:53:4:53:Infinity":19,"s:54:4:54:Infinity":20,"s:56:4:56:Infinity":21,"f:62:16:62:33":5,"s:63:2:67:Infinity":22,"s:64:4:64:Infinity":23,"s:66:4:66:Infinity":24,"f:70:16:70:35":6,"s:71:2:76:Infinity":25,"s:72:4:72:Infinity":26,"s:73:4:73:Infinity":27,"s:75:4:75:Infinity":28,"f:79:16:79:35":7,"s:80:2:85:Infinity":29,"s:81:4:81:Infinity":30,"s:82:4:82:Infinity":31,"s:84:4:84:Infinity":32,"f:94:16:94:39":8,"s:95:2:108:Infinity":33,"s:96:18:96:Infinity":34,"s:97:19:97:Infinity":35,"s:98:35:98:Infinity":36,"s:99:4:104:Infinity":37,"s:99:17:99:20":38,"s:100:18:100:Infinity":39,"b:101:6:103:Infinity:undefined:undefined:undefined:undefined":4,"s:101:6:103:Infinity":40,"b:101:10:101:17:101:17:101:43:101:43:101:65":5,"s:102:8:102:Infinity":41,"s:105:4:105:Infinity":42,"f:105:17:105:26":9,"s:105:32:105:58":43,"f:117:16:117:30":10,"s:118:2:130:Infinity":44,"s:119:19:119:Infinity":45,"s:120:35:120:Infinity":46,"s:121:4:126:Infinity":47,"s:121:17:121:20":48,"s:122:18:122:Infinity":49,"b:123:6:125:Infinity:undefined:undefined:undefined:undefined":6,"s:123:6:125:Infinity":50,"b:123:10:123:17:123:17:123:41":7,"s:124:8:124:Infinity":51,"s:127:4:127:Infinity":52,"f:127:17:127:26":11,"s:127:32:127:58":53}}}
}
